<?xml version="1.0" encoding="UTF-8"?>
<!-- Generated by org.testng.reporters.JUnitXMLReporter -->
<testsuite ignored="0" hostname="SharathDurgams-MacBook-Pro.local" failures="0" tests="3" name="Test" time="31.006" errors="0" timestamp="2022-02-26T01:18:10 CET">
  <testcase classname="com.Listeners.ListeningTest" name="testcheck" time="0.255"/>
  <testcase classname="com.sparknetworks.Test.SearchTest" name="searchForSparkNetworks" time="9.068"/>
  <testcase classname="com.sparknetworks.Test.SearchTest" name="searchForFunnyCatMemes" time="5.15"/>
</testsuite> <!-- Test -->
