<?xml version="1.0" encoding="UTF-8"?>
<testsuite xmlns:xsi="http://www.w3.org/2001/XMLSchema-instance" xsi:noNamespaceSchemaLocation="https://maven.apache.org/surefire/maven-surefire-plugin/xsd/surefire-test-report.xsd" name="TestSuite" time="32.399" tests="3" errors="0" skipped="0" failures="0">
  <properties>
[...]
</properties>
  <testcase name="testcheck" classname="com.Listeners.ListeningTest" time="0.015"/>
  <testcase name="searchForSparkNetworks" classname="com.sparknetworks.Test.SearchTest" time="9.094"/>
  <testcase name="searchForFunnyCatMemes" classname="com.sparknetworks.Test.SearchTest" time="5.017"/>
</testsuite>