<?xml version="1.0" encoding="UTF-8"?>
<testng-results ignored="0" total="3" passed="3" failed="0" skipped="0">
  <reporter-output>
  </reporter-output>
  <suite started-at="2022-02-26T01:17:39 CET" name="Suite" finished-at="2022-02-26T01:18:10 CET" duration-ms="31006">
    <groups>
    </groups>
    <test started-at="2022-02-26T01:17:39 CET" name="Test" finished-at="2022-02-26T01:18:10 CET" duration-ms="31006">
      <class name="com.Listeners.ListeningTest">
        <test-method signature="testcheck()[pri:0, instance:com.Listeners.ListeningTest@44821a96]" started-at="2022-02-26T01:17:39 CET" name="testcheck" finished-at="2022-02-26T01:17:39 CET" duration-ms="255" status="PASS">
          <reporter-output>
          </reporter-output>
        </test-method> <!-- testcheck -->
      </class> <!-- com.Listeners.ListeningTest -->
      <class name="com.sparknetworks.Test.SearchTest">
        <test-method is-config="true" signature="Initalization()[pri:0, instance:com.sparknetworks.Test.SearchTest@6c130c45]" started-at="2022-02-26T01:17:39 CET" name="Initalization" finished-at="2022-02-26T01:17:48 CET" duration-ms="8698" status="PASS">
          <reporter-output>
          </reporter-output>
        </test-method> <!-- Initalization -->
        <test-method signature="searchForSparkNetworks()[pri:1, instance:com.sparknetworks.Test.SearchTest@6c130c45]" started-at="2022-02-26T01:17:48 CET" name="searchForSparkNetworks" finished-at="2022-02-26T01:17:57 CET" duration-ms="9068" status="PASS">
          <reporter-output>
          </reporter-output>
        </test-method> <!-- searchForSparkNetworks -->
        <test-method is-config="true" signature="closure()[pri:0, instance:com.sparknetworks.Test.SearchTest@6c130c45]" started-at="2022-02-26T01:17:57 CET" name="closure" finished-at="2022-02-26T01:17:57 CET" duration-ms="143" status="PASS">
          <reporter-output>
          </reporter-output>
        </test-method> <!-- closure -->
        <test-method is-config="true" signature="Initalization()[pri:0, instance:com.sparknetworks.Test.SearchTest@6c130c45]" started-at="2022-02-26T01:17:57 CET" name="Initalization" finished-at="2022-02-26T01:18:04 CET" duration-ms="7459" status="PASS">
          <reporter-output>
          </reporter-output>
        </test-method> <!-- Initalization -->
        <test-method signature="searchForFunnyCatMemes()[pri:2, instance:com.sparknetworks.Test.SearchTest@6c130c45]" started-at="2022-02-26T01:18:04 CET" name="searchForFunnyCatMemes" finished-at="2022-02-26T01:18:10 CET" duration-ms="5150" status="PASS">
          <reporter-output>
          </reporter-output>
        </test-method> <!-- searchForFunnyCatMemes -->
        <test-method is-config="true" signature="closure()[pri:0, instance:com.sparknetworks.Test.SearchTest@6c130c45]" started-at="2022-02-26T01:18:10 CET" name="closure" finished-at="2022-02-26T01:18:10 CET" duration-ms="151" status="PASS">
          <reporter-output>
          </reporter-output>
        </test-method> <!-- closure -->
      </class> <!-- com.sparknetworks.Test.SearchTest -->
    </test> <!-- Test -->
  </suite> <!-- Suite -->
</testng-results>
